<?xml version="1.0" encoding="UTF-8"?>
<!-- Generated by org.testng.reporters.JUnitReportReporter -->
<testsuite hostname="DESKTOP-DJ4FDME" failures="0" tests="6" name="secondPkg.TestScenario9" time="0.011" errors="0" timestamp="2024-06-11T19:52:14 IST" skipped="0">
  <testcase classname="secondPkg.TestScenario9" name="forth_testcase" time="0.001"/>
  <testcase classname="secondPkg.TestScenario9" name="third_testcase" time="0.000"/>
  <testcase classname="secondPkg.TestScenario9" name="fifth_testcase" time="0.001"/>
  <testcase classname="secondPkg.TestScenario9" name="sixth_testcase" time="0.006"/>
  <testcase classname="secondPkg.TestScenario9" name="first_testcase" time="0.001"/>
  <testcase classname="secondPkg.TestScenario9" name="second_testcase" time="0.002"/>
</testsuite> <!-- secondPkg.TestScenario9 -->
