<?xml version="1.0" encoding="UTF-8"?>
<!-- Generated by org.testng.reporters.JUnitReportReporter -->
<testsuite hostname="DESKTOP-DJ4FDME" failures="0" tests="2" name="secondPkg.TestScenario" time="0.018" errors="0" timestamp="2024-06-13T19:45:28 IST" skipped="0">
  <testcase classname="secondPkg.TestScenario" name="forth_testcase" time="0.017"/>
  <testcase classname="secondPkg.TestScenario" name="second_testcase" time="0.001"/>
</testsuite> <!-- secondPkg.TestScenario -->
