<?xml version="1.0" encoding="UTF-8"?>
<!-- Generated by org.testng.reporters.JUnitReportReporter -->
<testsuite hostname="DESKTOP-DJ4FDME" failures="0" tests="2" name="org.xyz.automation.proj.FirstAutomation" time="4.557" errors="0" timestamp="2024-06-20T19:59:02 IST" skipped="1">
  <testcase classname="org.xyz.automation.proj.FirstAutomation" name="login" time="4.557"/>
  <testcase classname="org.xyz.automation.proj.FirstAutomation" name="signup">
    <skipped/>
  </testcase> <!-- signup -->
</testsuite> <!-- org.xyz.automation.proj.FirstAutomation -->
