<?xml version="1.0" encoding="UTF-8"?>
<!-- Generated by org.testng.reporters.JUnitReportReporter -->
<testsuite hostname="DESKTOP-DJ4FDME" failures="0" tests="1" name="org.xyz.automation.proj.FetchDataRuntime" time="3.359" errors="0" timestamp="2024-06-21T20:30:03 IST" skipped="0">
  <testcase classname="org.xyz.automation.proj.FetchDataRuntime" name="checkallthecontrols" time="3.359"/>
</testsuite> <!-- org.xyz.automation.proj.FetchDataRuntime -->
