<?xml version="1.0" encoding="UTF-8"?>
<!-- Generated by org.testng.reporters.JUnitReportReporter -->
<testsuite hostname="DESKTOP-DJ4FDME" failures="0" tests="1" name="org.xyz.automation.proj.AllControls" time="8.700" errors="0" timestamp="2024-06-24T20:31:25 IST" skipped="0">
  <testcase classname="org.xyz.automation.proj.AllControls" name="checkallthecontrols" time="8.700"/>
</testsuite> <!-- org.xyz.automation.proj.AllControls -->
