<?xml version="1.0" encoding="UTF-8"?>
<!-- Generated by org.testng.reporters.JUnitReportReporter -->
<testsuite hostname="DESKTOP-DJ4FDME" failures="0" tests="4" name="org.xyz.automation.proj.KeyboardMouse" time="83.981" errors="0" timestamp="2024-06-28T20:11:40 IST" skipped="2">
  <testcase classname="org.xyz.automation.proj.KeyboardMouse" name="handleAlerts" time="4.710"/>
  <testcase classname="org.xyz.automation.proj.KeyboardMouse" name="handleFrames" time="79.271"/>
  <testcase classname="org.xyz.automation.proj.KeyboardMouse" name="handlekeyboard">
    <skipped/>
  </testcase> <!-- handlekeyboard -->
  <testcase classname="org.xyz.automation.proj.KeyboardMouse" name="handlemouse">
    <skipped/>
  </testcase> <!-- handlemouse -->
</testsuite> <!-- org.xyz.automation.proj.KeyboardMouse -->
