<?xml version="1.0" encoding="UTF-8"?>
<!-- Generated by org.testng.reporters.JUnitReportReporter -->
<testsuite hostname="DESKTOP-DJ4FDME" failures="0" tests="1" name="org.fb.automation.testcases.TS01_LoginScenario" time="9.681" errors="0" timestamp="2024-10-01T09:05:21 IST" skipped="0">
  <testcase classname="org.fb.automation.testcases.TS01_LoginScenario" name="tc01_validateloginfunctionaility" time="9.681"/>
</testsuite> <!-- org.fb.automation.testcases.TS01_LoginScenario -->
