<?xml version="1.0" encoding="UTF-8"?>
<!-- Generated by org.testng.reporters.JUnitReportReporter -->
<testsuite hostname="DESKTOP-DJ4FDME" failures="0" tests="3" name="org.fb.automation.testcases.TS01_LoginScenario_DDF" time="15.237" errors="0" timestamp="2024-07-02T20:27:39 IST" skipped="0">
  <testcase classname="org.fb.automation.testcases.TS01_LoginScenario_DDF" name="tc01_validateloginfunctionaility" time="5.896"/>
  <testcase classname="org.fb.automation.testcases.TS01_LoginScenario_DDF" name="tc01_validateloginfunctionaility" time="4.788"/>
  <testcase classname="org.fb.automation.testcases.TS01_LoginScenario_DDF" name="tc01_validateloginfunctionaility" time="4.553"/>
</testsuite> <!-- org.fb.automation.testcases.TS01_LoginScenario_DDF -->
