<?xml version="1.0" encoding="UTF-8"?>
<!-- Generated by org.testng.reporters.JUnitReportReporter -->
<testsuite hostname="DESKTOP-DJ4FDME" failures="0" tests="1" name="secondPkg.TestScenario5" time="0.002" errors="0" timestamp="2024-06-13T19:45:28 IST" skipped="0">
  <testcase classname="secondPkg.TestScenario5" name="third_testcase" time="0.002"/>
</testsuite> <!-- secondPkg.TestScenario5 -->
