<?xml version="1.0" encoding="UTF-8"?>
<!-- Generated by org.testng.reporters.JUnitReportReporter -->
<testsuite hostname="DESKTOP-DJ4FDME" failures="0" tests="6" name="secondPkg.TestScenario4" time="0.031" errors="0" timestamp="2024-06-11T20:11:15 IST" skipped="0">
  <testcase classname="secondPkg.TestScenario4" name="first_testcase" time="0.002"/>
  <testcase classname="secondPkg.TestScenario4" name="forth_testcase" time="0.002"/>
  <testcase classname="secondPkg.TestScenario4" name="third_testcase" time="0.003"/>
  <testcase classname="secondPkg.TestScenario4" name="sixth_testcase" time="0.003"/>
  <testcase classname="secondPkg.TestScenario4" name="second_testcase" time="0.002"/>
  <testcase classname="secondPkg.TestScenario4" name="fifth_testcase" time="0.019"/>
</testsuite> <!-- secondPkg.TestScenario4 -->
