<?xml version="1.0" encoding="UTF-8"?>
<!-- Generated by org.testng.reporters.JUnitReportReporter -->
<testsuite hostname="DESKTOP-DJ4FDME" failures="0" tests="1" name="org.fb.automation.testcases.TS02_SignupScenario" time="6.088" errors="0" timestamp="2024-07-02T20:15:35 IST" skipped="0">
  <testcase classname="org.fb.automation.testcases.TS02_SignupScenario" name="tc11_validatesignupfunctionaility" time="6.088"/>
</testsuite> <!-- org.fb.automation.testcases.TS02_SignupScenario -->
