<?xml version="1.0" encoding="UTF-8"?>
<!-- Generated by org.testng.reporters.JUnitReportReporter -->
<testsuite hostname="DESKTOP-DJ4FDME" failures="0" tests="6" name="secondPkg.TestScenario2" time="0.032" errors="0" timestamp="2024-06-11T20:03:43 IST" skipped="0">
  <testcase classname="secondPkg.TestScenario2" name="sixth_testcase" time="0.021"/>
  <testcase classname="secondPkg.TestScenario2" name="fifth_testcase" time="0.003"/>
  <testcase classname="secondPkg.TestScenario2" name="third_testcase" time="0.002"/>
  <testcase classname="secondPkg.TestScenario2" name="forth_testcase" time="0.003"/>
  <testcase classname="secondPkg.TestScenario2" name="first_testcase" time="0.001"/>
  <testcase classname="secondPkg.TestScenario2" name="second_testcase" time="0.002"/>
</testsuite> <!-- secondPkg.TestScenario2 -->
