<?xml version="1.0" encoding="UTF-8"?>
<!-- Generated by org.testng.reporters.JUnitReportReporter -->
<testsuite hostname="DESKTOP-DJ4FDME" failures="0" tests="1" name="org.fb.automation.testcases.TS03_SearchScenario" time="7.918" errors="0" timestamp="2024-07-03T20:02:20 IST" skipped="0">
  <testcase classname="org.fb.automation.testcases.TS03_SearchScenario" name="tc01_validatesearchfunctionaility" time="7.918"/>
</testsuite> <!-- org.fb.automation.testcases.TS03_SearchScenario -->
